[    0.000000] Linux version 4.15.0-45-generic (buildd@lgw01-amd64-031) (gcc version 7.3.0 (Ubuntu 7.3.0-16ubuntu3)) #48-Ubuntu SMP Tue Jan 29 16:28:13 UTC 2019 (Ubuntu 4.15.0-45.48-generic 4.15.18)
[    0.000000] Command line: BOOT_IMAGE=/boot/vmlinuz-4.15.0-45-generic root=LABEL=cloudimg-rootfs ro console=tty1 console=ttyS0
[    0.000000] KERNEL supported cpus:
[    0.000000]   Intel GenuineIntel
[    0.000000]   AMD AuthenticAMD
[    0.000000]   Centaur CentaurHauls
[    0.000000] x86/fpu: x87 FPU will use FXSAVE
[    0.000000] e820: BIOS-provided physical RAM map:
[    0.000000] BIOS-e820: [mem 0x0000000000000000-0x000000000009fbff] usable
[    0.000000] BIOS-e820: [mem 0x000000000009fc00-0x00000000009ffff] reserved
[    0.000000] BIOS-e820: [mem 0x00000000000f0000-0x00000000000fffff] reserved
[    0.000000] BIOS-e820: [mem 0x0000000000100000-0x000000003ffeffff] usable
[    0.000000] BIOS-e820: [mem 0x000000003fff0000-0x000000003fffffff] ACPI data
[    0.000000] BIOS-e820: [mem 0x00000000fec00000-0x00000000fec00fff] reserved
[    0.000000] BIOS-e820: [mem 0x00000000fee00000-0x00000000fee00fff] reserved
[    0.000000] BIOS-e820: [mem 0x00000000fffc0000-0x00000000ffffffff] reserved
[    0.000000] NX (Execute Disable) protection: active
[    0.000000] SMBIOS 2.5 present.
[    0.000000] DMI: innotek GmbH VirtualBox/VirtualBox, BIOS VirtualBox 12/01/2006
[    0.000000] Hypervisor detected: KVM
[    0.000000] e820: last_pfn = 0x3fff0 max_arch_pfn = 0x400000000
[    0.000000] MTRR: Disabled
[    0.000000] x86/PAT: MTRRs disabled, skipping PAT initialization too.
[    0.000000] CPU MTRRs all blank - virtualized system.
[    0.000000] x86/PAT: Configuration [0-7]: WB  WT  UC- UC  WB  WT  UC- UC  
[    0.000000] found SMP MP-table at [mem 0x0009fff0-0x0009ffff] mapped at [        (ptrval)]
[    0.000000] Scanning 1 areas for low memory corruption
[    0.000000] RAMDISK: [mem 0x35adf000-0x36d66fff]
[    0.000000] ACPI: Early table checksum verification disabled
[    0.000000] ACPI: RSDP 0x00000000000E0000 000024 (v02 VBOX  )
[    0.000000] ACPI: XSDT 0x000000003FFF0030 00003C (v01 VBOX   VBOXXSDT 00000001 ASL  00000061)
[    0.000000] ACPI: FACP 0x000000003FFF00F0 0000F4 (v04 VBOX   VBOXFACP 00000001 ASL  00000061)
[    0.000000] ACPI: DSDT 0x000000003FFF0470 0021FF (v02 VBOX   VBOXBIOS 00000002 INTL 20180105)
[    0.000000] ACPI: FACS 0x000000003FFF0200 000040
[    0.000000] ACPI: FACS 0x000000003FFF0200 000040
[    0.000000] ACPI: APIC 0x000000003FFF0240 00005C (v02 VBOX   VBOXAPIC 00000001 ASL  00000061)
[    0.000000] ACPI: SSDT 0x000000003FFF02A0 0001CC (v01 VBOX   VBOXCPUT 00000002 INTL 20180105)
[    0.000000] No NUMA configuration found
[    0.000000] Faking a node at [mem 0x0000000000000000-0x000000003ffeffff]
[    0.000000] NODE_DATA(0) allocated [mem 0x3ffc5000-0x3ffeffff]
[    0.000000] kvm-clock: cpu 0, msr 0:3ff44001, primary cpu clock
[    0.000000] kvm-clock: Using msrs 4b564d01 and 4b564d00
[    0.000000] kvm-clock: using sched offset of 4504000898 cycles
[    0.000000] clocksource: kvm-clock: mask: 0xffffffffffffffff max_cycles: 0x1cd42e4dffb, max_idle_ns: 881590591483 ns
[    0.000000] Zone ranges:
[    0.000000]   DMA      [mem 0x0000000000001000-0x0000000000ffffff]
[    0.000000]   DMA32    [mem 0x0000000001000000-0x000000003ffeffff]
[    0.000000]   Normal   empty
[    0.000000]   Device   empty
[    0.000000] Movable zone start for each node
[    0.000000] Early memory node ranges
[    0.000000]   node   0: [mem 0x0000000000001000-0x000000000009efff]
[    0.000000]   node   0: [mem 0x0000000000100000-0x000000003ffeffff]
[    0.000000] Reserved but unavailable: 114 pages
[    0.000000] Initmem setup node 0 [mem 0x0000000000001000-0x000000003ffeffff]
[    0.000000] ACPI: PM-Timer IO Port: 0x4008
[    0.000000] IOAPIC[0]: apic_id 2, version 32, address 0xfec00000, GSI 0-23
[    0.000000] ACPI: INT_SRC_OVR (bus 0 bus_irq 0 global_irq 2 dfl dfl)
[    0.000000] ACPI: INT_SRC_OVR (bus 0 bus_irq 9 global_irq 9 low level)
[    0.000000] Using ACPI (MADT) for SMP configuration information
[    0.000000] smpboot: Allowing 2 CPUs, 0 hotplug CPUs
[    0.000000] PM: Registered nosave memory: [mem 0x00000000-0x00000fff]
[    0.000000] PM: Registered nosave memory: [mem 0x0009f000-0x0009ffff]
[    0.000000] PM: Registered nosave memory: [mem 0x000a0000-0x000effff]
[    0.000000] PM: Registered nosave memory: [mem 0x000f0000-0x000fffff]
[    0.000000] e820: [mem 0x40000000-0xfebfffff] available for PCI devices
[    0.000000] Booting paravirtualized kernel on KVM
[    0.000000] clocksource: refined-jiffies: mask: 0xffffffff max_cycles: 0xffffffff, max_idle_ns: 7645519600211568 ns
[    0.000000] random: get_random_bytes called from start_kernel+0x99/0x4fd with crng_init=0
[    0.000000] setup_percpu: NR_CPUS:8192 nr_cpumask_bits:2 nr_cpu_ids:2 nr_node_ids:1
[    0.000000] percpu: Embedded 46 pages/cpu @        (ptrval) s151552 r8192 d28672 u1048576
[    0.000000] PV qspinlock hash table entries: 256 (order: 0, 4096 bytes)
[    0.000000] Built 1 zonelists, mobility grouping on.  Total pages: 257913
[    0.000000] Policy zone: DMA32
[    0.000000] Kernel command line: BOOT_IMAGE=/boot/vmlinuz-4.15.0-45-generic root=LABEL=cloudimg-rootfs ro console=tty1 console=ttyS0
[    0.000000] Memory: 983608K/1048120K available (12300K kernel code, 2473K rwdata, 4252K rodata, 2408K init, 2416K bss, 64512K reserved, 0K cma-reserved)
[    0.000000] SLUB: HWalign=64, Order=0-3, MinObjects=0, CPUs=2, Nodes=1
[    0.000000] Kernel/User page tables isolation: enabled
[    0.000000] ftrace: allocating 39194 entries in 154 pages
[    0.004000] Hierarchical RCU implementation.
[    0.004000] 	RCU restricting CPUs from NR_CPUS=8192 to nr_cpu_ids=2.
[    0.004000] 	Tasks RCU enabled.
[    0.004000] RCU: Adjusting geometry for rcu_fanout_leaf=16, nr_cpu_ids=2
[    0.004000] NR_IRQS: 524544, nr_irqs: 440, preallocated irqs: 16
[    0.004000] Console: colour VGA+ 80x25
[    0.004000] console [tty1] enabled
[    0.004000] console [ttyS0] enabled
[    0.004000] ACPI: Core revision 20170831
[    0.004000] ACPI: 2 ACPI AML tables successfully acquired and loaded
[    0.004000] APIC: Switch to symmetric I/O mode setup
[    0.004000] x2apic enabled
[    0.004000] Switched APIC routing to physical x2apic.
[    0.004000] ..TIMER: vector=0x30 apic1=0 pin1=2 apic2=-1 pin2=-1
[    0.004000] tsc: Detected 2399.998 MHz processor
[    0.004298] Calibrating delay loop (skipped) preset value.. 4799.99 BogoMIPS (lpj=9599992)
[    0.008006] pid_max: default: 32768 minimum: 301
[    0.010691] Security Framework initialized
[    0.012017] Yama: becoming mindful.
[    0.016129] AppArmor: AppArmor initialized
[    0.021771] Dentry cache hash table entries: 131072 (order: 8, 1048576 bytes)
[    0.024189] Inode-cache hash table entries: 65536 (order: 7, 524288 bytes)
[    0.028030] Mount-cache hash table entries: 2048 (order: 2, 16384 bytes)
[    0.032015] Mountpoint-cache hash table entries: 2048 (order: 2, 16384 bytes)
[    0.040205] mce: CPU supports 0 MCE banks
[    0.042544] Last level iTLB entries: 4KB 128, 2MB 4, 4MB 4
[    0.044006] Last level dTLB entries: 4KB 256, 2MB 0, 4MB 32, 1GB 0
[    0.048007] Spectre V2 : Mitigation: Full generic retpoline
[    0.052004] Spectre V2 : Spectre v2 / SpectreRSB mitigation: Filling RSB on context switch
[    0.056005] Speculative Store Bypass: Vulnerable
[    0.060636] Freeing SMP alternatives memory: 36K
[    0.068000] smpboot: CPU0: Intel(R) Core(TM)2 Quad CPU           @ 2.40GHz (family: 0x6, model: 0xf, stepping: 0x7)
[    0.068298] Performance Events: unsupported p6 CPU model 15 no PMU driver, software events only.
[    0.072197] Hierarchical SRCU implementation.
[    0.077069] NMI watchdog: Perf event create on CPU 0 failed with -2
[    0.079346] NMI watchdog: Perf NMI watchdog permanently disabled
[    0.080261] smp: Bringing up secondary CPUs ...
[    0.084018] x86: Booting SMP configuration:
[    0.085635] .... node  #0, CPUs:      #1
[    0.004000] kvm-clock: cpu 1, msr 0:3ff44041, secondary cpu clock
[    0.004000] mce: CPU supports 0 MCE banks
[    0.092090] smp: Brought up 1 node, 2 CPUs
[    0.096030] smpboot: Max logical packages: 1
[    0.097720] smpboot: Total of 2 processors activated (9599.99 BogoMIPS)
[    0.100306] devtmpfs: initialized
[    0.101493] x86/mm: Memory block size: 128MB
[    0.104292] evm: security.selinux
[    0.105624] evm: security.SMACK64
[    0.107083] evm: security.SMACK64EXEC
[    0.108005] evm: security.SMACK64TRANSMUTE
[    0.109558] evm: security.SMACK64MMAP
[    0.110980] evm: security.apparmor
[    0.112003] evm: security.ima
[    0.113195] evm: security.capability
[    0.116292] clocksource: jiffies: mask: 0xffffffff max_cycles: 0xffffffff, max_idle_ns: 7645041785100000 ns
[    0.120084] futex hash table entries: 512 (order: 3, 32768 bytes)
[    0.124172] pinctrl core: initialized pinctrl subsystem
[    0.129340] RTC time: 11:31:53, date: 03/06/19
[    0.132636] NET: Registered protocol family 16
[    0.136199] audit: initializing netlink subsys (disabled)
[    0.138361] audit: type=2000 audit(1551871918.597:1): state=initialized audit_enabled=0 res=1
[    0.144323] cpuidle: using governor ladder
[    0.148109] cpuidle: using governor menu
[    0.154217] ACPI: bus type PCI registered
[    0.156072] acpiphp: ACPI Hot Plug PCI Controller Driver version: 0.5
[    0.162549] PCI: Using configuration type 1 for base access
[    0.172315] HugeTLB registered 2.00 MiB page size, pre-allocated 0 pages
[    0.180760] ACPI: Added _OSI(Module Device)
[    0.180760] ACPI: Added _OSI(Processor Device)
[    0.184004] ACPI: Added _OSI(3.0 _SCP Extensions)
[    0.188007] ACPI: Added _OSI(Processor Aggregator Device)
[    0.200006] ACPI: Added _OSI(Linux-Dell-Video)
[    0.200006] ACPI: Added _OSI(Linux-Lenovo-NV-HDMI-Audio)
[    0.208004] ACPI: Added _OSI(Linux-HPI-Hybrid-Graphics)
[    0.213047] ACPI: Executed 1 blocks of module-level executable AML code
[    0.222327] ACPI: Interpreter enabled
[    0.224066] ACPI: (supports S0 S5)
[    0.225469] ACPI: Using IOAPIC for interrupt routing
[    0.232462] PCI: Using host bridge windows from ACPI; if necessary, use "pci=nocrs" and report a bug
[    0.236352] ACPI: Enabled 2 GPEs in block 00 to 07
[    0.252131] ACPI: PCI Root Bridge [PCI0] (domain 0000 [bus 00-ff])
[    0.254560] acpi PNP0A03:00: _OSC: OS supports [ASPM ClockPM Segments MSI]
[    0.260041] acpi PNP0A03:00: _OSC: not requesting OS control; OS requires [ExtendedConfig ASPM ClockPM MSI]
[    0.264044] acpi PNP0A03:00: fail to add MMCONFIG information, can't access extended PCI configuration space under this bridge.
[    0.268704] PCI host bridge to bus 0000:00
[    0.272014] pci_bus 0000:00: root bus resource [io  0x0000-0x0cf7 window]
[    0.274552] pci_bus 0000:00: root bus resource [io  0x0d00-0xffff window]
[    0.276005] pci_bus 0000:00: root bus resource [mem 0x000a0000-0x000bffff window]
[    0.278946] pci_bus 0000:00: root bus resource [mem 0x40000000-0xfdffffff window]
[    0.288006] pci_bus 0000:00: root bus resource [bus 00-ff]
[    0.294066] pci 0000:00:01.1: legacy IDE quirk: reg 0x10: [io  0x01f0-0x01f7]
[    0.300006] pci 0000:00:01.1: legacy IDE quirk: reg 0x14: [io  0x03f6]
[    0.308005] pci 0000:00:01.1: legacy IDE quirk: reg 0x18: [io  0x0170-0x0177]
[    0.312004] pci 0000:00:01.1: legacy IDE quirk: reg 0x1c: [io  0x0376]
[    0.378527] pci 0000:00:07.0: quirk: [io  0x4000-0x403f] claimed by PIIX4 ACPI
[    0.384032] pci 0000:00:07.0: quirk: [io  0x4100-0x410f] claimed by PIIX4 SMB
[    0.438170] ACPI: PCI Interrupt Link [LNKA] (IRQs 5 9 10 *11)
[    0.440180] ACPI: PCI Interrupt Link [LNKB] (IRQs 5 9 *10 11)
[    0.442653] ACPI: PCI Interrupt Link [LNKC] (IRQs 5 *9 10 11)
[    0.452228] ACPI: PCI Interrupt Link [LNKD] (IRQs 5 9 10 *11)
[    0.460003] SCSI subsystem initialized
[    0.464758] pci 0000:00:02.0: vgaarb: setting as boot VGA device
[    0.468000] pci 0000:00:02.0: vgaarb: VGA device added: decodes=io+mem,owns=io+mem,locks=none
[    0.472009] pci 0000:00:02.0: vgaarb: bridge control possible
[    0.476012] vgaarb: loaded
[    0.476121] ACPI: bus type USB registered
[    0.477856] usbcore: registered new interface driver usbfs
[    0.484057] usbcore: registered new interface driver hub
[    0.484057] usbcore: registered new device driver usb
[    0.488149] EDAC MC: Ver: 3.0.0
[    0.492344] PCI: Using ACPI for IRQ routing
[    0.496017] NetLabel: Initializing
[    0.496017] NetLabel:  domain hash size = 128
[    0.497744] NetLabel:  protocols = UNLABELED CIPSOv4 CALIPSO
[    0.504076] NetLabel:  unlabeled traffic allowed by default
[    0.508722] clocksource: Switched to clocksource kvm-clock
[    0.546619] VFS: Disk quotas dquot_6.6.0
[    0.549738] VFS: Dquot-cache hash table entries: 512 (order 0, 4096 bytes)
[    0.552884] AppArmor: AppArmor Filesystem Enabled
[    0.554947] pnp: PnP ACPI init
[    0.558340] pnp: PnP ACPI: found 3 devices
[    0.573160] clocksource: acpi_pm: mask: 0xffffff max_cycles: 0xffffff, max_idle_ns: 2085701024 ns
[    0.577583] NET: Registered protocol family 2
[    0.581802] TCP established hash table entries: 8192 (order: 4, 65536 bytes)
[    0.586898] TCP bind hash table entries: 8192 (order: 5, 131072 bytes)
[    0.604496] TCP: Hash tables configured (established 8192 bind 8192)
[    0.658300] UDP hash table entries: 512 (order: 2, 16384 bytes)
[    0.674547] UDP-Lite hash table entries: 512 (order: 2, 16384 bytes)
[    0.677204] NET: Registered protocol family 1
[    0.678989] pci 0000:00:00.0: Limiting direct PCI/PCI transfers
[    0.682133] pci 0000:00:01.0: Activating ISA DMA hang workarounds
[    0.684577] pci 0000:00:02.0: Video device with shadowed ROM at [mem 0x000c0000-0x000dffff]
[    0.688111] Unpacking initramfs...
[    1.102832] Freeing initrd memory: 18976K
[    1.114745] platform rtc_cmos: registered platform RTC device (no PNP device found)
[    1.117821] Scanning for low memory corruption every 60 seconds
[    1.121252] Initialise system trusted keyrings
[    1.123141] Key type blacklist registered
[    1.125204] workingset: timestamp_bits=36 max_order=18 bucket_order=0
[    1.129141] zbud: loaded
[    1.132004] squashfs: version 4.0 (2009/01/31) Phillip Lougher
[    1.134860] fuse init (API version 7.26)
[    1.145597] Key type asymmetric registered
[    1.147284] Asymmetric key parser 'x509' registered
[    1.150364] Block layer SCSI generic (bsg) driver version 0.4 loaded (major 246)
[    1.154517] io scheduler noop registered
[    1.157459] io scheduler deadline registered
[    1.161024] io scheduler cfq registered (default)
[    1.164969] ACPI: AC Adapter [AC] (on-line)
[    1.167648] input: Power Button as /devices/LNXSYSTM:00/LNXPWRBN:00/input/input0
[    1.172165] ACPI: Power Button [PWRF]
[    1.174593] input: Sleep Button as /devices/LNXSYSTM:00/LNXSLPBN:00/input/input1
[    1.179060] ACPI: Sleep Button [SLPF]
[    1.182696] Serial: 8250/16550 driver, 32 ports, IRQ sharing enabled
[    1.213563] 00:02: ttyS0 at I/O 0x3f8 (irq = 4, base_baud = 115200) is a 16550A
[    1.221820] Linux agpgart interface v0.103
[    1.228765] loop: module loaded
[    1.233284] scsi host0: ata_piix
[    1.235984] scsi host1: ata_piix
[    1.238151] ata1: PATA max UDMA/33 cmd 0x1f0 ctl 0x3f6 bmdma 0xd000 irq 14
[    1.242089] ata2: PATA max UDMA/33 cmd 0x170 ctl 0x376 bmdma 0xd008 irq 15
[    1.247008] libphy: Fixed MDIO Bus: probed
[    1.249560] tun: Universal TUN/TAP device driver, 1.6
[    1.252600] PPP generic driver version 2.4.2
[    1.255328] ehci_hcd: USB 2.0 'Enhanced' Host Controller (EHCI) Driver
[    1.259168] ehci-pci: EHCI PCI platform driver
[    1.261898] ehci-platform: EHCI generic platform driver
[    1.265013] ohci_hcd: USB 1.1 'Open' Host Controller (OHCI) Driver
[    1.268651] ohci-pci: OHCI PCI platform driver
[    1.271319] ohci-platform: OHCI generic platform driver
[    1.274481] uhci_hcd: USB Universal Host Controller Interface driver
[    1.278293] i8042: PNP: PS/2 Controller [PNP0303:PS2K,PNP0f03:PS2M] at 0x60,0x64 irq 1,12
[    1.284550] serio: i8042 KBD port at 0x60,0x64 irq 1
[    1.287719] serio: i8042 AUX port at 0x60,0x64 irq 12
[    1.290968] mousedev: PS/2 mouse device common for all mice
[    1.295024] input: AT Translated Set 2 keyboard as /devices/platform/i8042/serio0/input/input2
[    1.313073] rtc_cmos rtc_cmos: rtc core: registered rtc_cmos as rtc0
[    1.316935] rtc_cmos rtc_cmos: alarms up to one day, 114 bytes nvram
[    1.321557] i2c /dev entries driver
[    1.323713] pcie_mp2_amd: AMD(R) PCI-E MP2 Communication Driver Version: 1.0
[    1.327883] device-mapper: uevent: version 1.0.3
[    1.331458] device-mapper: ioctl: 4.37.0-ioctl (2017-09-20) initialised: dm-devel@redhat.com
[    1.334930] ledtrig-cpu: registered to indicate activity on CPUs
[    1.338888] NET: Registered protocol family 10
[    1.389510] Segment Routing with IPv6
[    1.391938] NET: Registered protocol family 17
[    1.394957] Key type dns_resolver registered
[    1.403074] RAS: Correctable Errors collector initialized.
[    1.407578] sched_clock: Marking stable (1407255320, 0)->(2234026956, -826771636)
[    1.413202] registered taskstats version 1
[    1.414871] Loading compiled-in X.509 certificates
[    1.444257] Loaded X.509 cert 'Build time autogenerated kernel key: e3b8f44ffaaceef3e3a84cfaebd8e5a9acebeaad'
[    1.450083] zswap: loaded using pool lzo/zbud
[    1.508292] Key type big_key registered
[    1.510022] Key type trusted registered
[    1.540542] Key type encrypted registered
[    1.544235] AppArmor: AppArmor sha1 policy hashing enabled
[    1.547450] ima: No TPM chip found, activating TPM-bypass! (rc=-19)
[    1.552073] ima: Allocated hash algorithm: sha1
[    1.553994] evm: HMAC attrs: 0x1
[    1.556027]   Magic number: 11:75:529
[    1.557797] rtc_cmos rtc_cmos: setting system clock to 2019-03-06 11:31:54 UTC (1551871914)
[    1.561504] BIOS EDD facility v0.16 2004-Jun-25, 0 devices found
[    1.564225] EDD information not available.
[    1.580399] Freeing unused kernel memory: 2408K
[    1.604160] Write protecting the kernel read-only data: 20480k
[    1.619741] Freeing unused kernel memory: 2008K
[    1.628240] Freeing unused kernel memory: 1892K
[    1.641418] x86/mm: Checked W+X mappings: passed, no W+X pages found.
[    1.644113] x86/mm: Checking user space page tables
[    1.657238] x86/mm: Checked W+X mappings: passed, no W+X pages found.
Loading, please wait...
starting version 237
[    2.140264] tsc: Refined TSC clocksource calibration: 2404.937 MHz
[    2.142807] clocksource: tsc: mask: 0xffffffffffffffff max_cycles: 0x22aa6f3e2cf, max_idle_ns: 440795222593 ns
[    3.219422] e1000: Intel(R) PRO/1000 Network Driver - version 7.3.21-k8-NAPI
[    3.223413] e1000: Copyright (c) 1999-2006 Intel Corporation.
[    3.245794] Fusion MPT base driver 3.04.20
[    3.248810] Copyright (c) 1999-2008 LSI Corporation
[    3.308576] Fusion MPT SPI Host driver 3.04.20
[    3.530602] input: ImExPS/2 Generic Explorer Mouse as /devices/platform/i8042/serio1/input/input4
[    3.980167] e1000 0000:00:03.0 eth0: (PCI:33MHz:32-bit) 02:db:17:3a:0e:c2
[    3.982857] e1000 0000:00:03.0 eth0: Intel(R) PRO/1000 Network Connection
[    4.472616] e1000 0000:00:08.0 eth1: (PCI:33MHz:32-bit) 08:00:27:1e:72:0c
[    4.475871] e1000 0000:00:08.0 eth1: Intel(R) PRO/1000 Network Connection
[    4.487179] e1000 0000:00:03.0 enp0s3: renamed from eth0
[    4.490709] mptbase: ioc0: Initiating bringup
[    4.505527] e1000 0000:00:08.0 enp0s8: renamed from eth1
[    4.596946] ioc0: LSI53C1030 A0: Capabilities={Initiator}
[    4.844188] scsi host2: ioc0: LSI53C1030 A0, FwRev=00000000h, Ports=1, MaxQ=256, IRQ=20
[    5.012802] scsi 2:0:0:0: Direct-Access     VBOX     HARDDISK         1.0  PQ: 0 ANSI: 5
[    5.163474] scsi target2:0:0: Beginning Domain Validation
[    5.169245] scsi target2:0:0: Domain Validation skipping write tests
[    5.172655] scsi target2:0:0: Ending Domain Validation
[    5.175668] scsi target2:0:0: asynchronous
[    5.179444] scsi 2:0:1:0: Direct-Access     VBOX     HARDDISK         1.0  PQ: 0 ANSI: 5
[    5.454131] scsi target2:0:1: Beginning Domain Validation
[    5.458310] random: fast init done
[    5.461993] scsi target2:0:1: Domain Validation skipping write tests
[    5.466299] scsi target2:0:1: Ending Domain Validation
[    5.468389] scsi target2:0:1: asynchronous
[    5.470903] scsi 2:0:2:0: Direct-Access     VBOX     HARDDISK         1.0  PQ: 0 ANSI: 5
[    5.804378] scsi target2:0:2: Beginning Domain Validation
[    5.809689] scsi target2:0:2: Domain Validation skipping write tests
[    5.813059] scsi target2:0:2: Ending Domain Validation
[    5.815981] scsi target2:0:2: asynchronous
[    5.819766] scsi 2:0:3:0: Direct-Access     VBOX     HARDDISK         1.0  PQ: 0 ANSI: 5
[    6.140080] scsi target2:0:3: Beginning Domain Validation
[    6.145859] scsi target2:0:3: Domain Validation skipping write tests
[    6.187633] scsi target2:0:3: Ending Domain Validation
[    6.189684] scsi target2:0:3: asynchronous
[    6.192193] scsi 2:0:4:0: Direct-Access     VBOX     HARDDISK         1.0  PQ: 0 ANSI: 5
[    6.309447] scsi target2:0:4: Beginning Domain Validation
[    6.315190] scsi target2:0:4: Domain Validation skipping write tests
[    6.318819] scsi target2:0:4: Ending Domain Validation
[    6.320928] scsi target2:0:4: asynchronous
[    6.323411] scsi 2:0:5:0: Direct-Access     VBOX     HARDDISK         1.0  PQ: 0 ANSI: 5
[    6.588714] scsi target2:0:5: Beginning Domain Validation
[    6.597247] scsi target2:0:5: Domain Validation skipping write tests
[    6.599604] scsi target2:0:5: Ending Domain Validation
[    6.601660] scsi target2:0:5: asynchronous
[    6.607879] random: systemd-udevd: uninitialized urandom read (16 bytes read)
[    6.608529] sd 2:0:0:0: [sda] 20971520 512-byte logical blocks: (10.7 GB/10.0 GiB)
[    6.608623] sd 2:0:0:0: [sda] Write Protect is off
[    6.608805] sd 2:0:0:0: [sda] Incomplete mode parameter data
[    6.608807] sd 2:0:0:0: [sda] Assuming drive cache: write through
[    6.620760] sd 2:0:0:0: Attached scsi generic sg0 type 0
[    6.622456]  sda: sda1
[    6.623317] sd 2:0:1:0: [sdb] 20480 512-byte logical blocks: (10.5 MB/10.0 MiB)
[    6.623514] sd 2:0:1:0: [sdb] Write Protect is off
[    6.623918] sd 2:0:1:0: [sdb] Incomplete mode parameter data
[    6.623921] sd 2:0:1:0: [sdb] Assuming drive cache: write through
[    6.624820] sd 2:0:0:0: [sda] Attached SCSI disk
[    6.625828] sd 2:0:1:0: Attached scsi generic sg1 type 0
[    6.626752] sd 2:0:2:0: [sdc] 2097152 512-byte logical blocks: (1.07 GB/1.00 GiB)
[    6.626906] sd 2:0:2:0: [sdc] Write Protect is off
[    6.627627] sd 2:0:2:0: [sdc] Incomplete mode parameter data
[    6.627630] sd 2:0:2:0: [sdc] Assuming drive cache: write through
[    6.630654] sd 2:0:1:0: [sdb] Attached SCSI disk
[    6.630867] sd 2:0:2:0: Attached scsi generic sg2 type 0
[    6.632934] sd 2:0:3:0: [sdd] 2097152 512-byte logical blocks: (1.07 GB/1.00 GiB)
[    6.632962] sd 2:0:2:0: [sdc] Attached SCSI disk
[    6.633021] sd 2:0:3:0: [sdd] Write Protect is off
[    6.633239] sd 2:0:3:0: [sdd] Incomplete mode parameter data
[    6.633241] sd 2:0:3:0: [sdd] Assuming drive cache: write through
[    6.634592] sd 2:0:3:0: Attached scsi generic sg3 type 0
[    6.636010] sd 2:0:3:0: [sdd] Attached SCSI disk
[    6.636480] sd 2:0:4:0: [sde] 2097152 512-byte logical blocks: (1.07 GB/1.00 GiB)
[    6.636577] sd 2:0:4:0: [sde] Write Protect is off
[    6.636780] sd 2:0:4:0: [sde] Incomplete mode parameter data
[    6.636782] sd 2:0:4:0: [sde] Assuming drive cache: write through
[    6.638234] sd 2:0:4:0: Attached scsi generic sg4 type 0
[    6.639190] sd 2:0:4:0: [sde] Attached SCSI disk
[    6.639594] sd 2:0:5:0: [sdf] 2097152 512-byte logical blocks: (1.07 GB/1.00 GiB)
[    6.639680] sd 2:0:5:0: [sdf] Write Protect is off
[    6.639843] sd 2:0:5:0: [sdf] Incomplete mode parameter data
[    6.639844] sd 2:0:5:0: [sdf] Assuming drive cache: write through
[    6.639965] sd 2:0:5:0: Attached scsi generic sg5 type 0
[    6.643002] sd 2:0:5:0: [sdf] Attached SCSI disk
[    6.773139] random: systemd-udevd: uninitialized urandom read (16 bytes read)
[    6.777232] random: systemd-udevd: uninitialized urandom read (16 bytes read)
Begin: Loading essential drivers ... [   10.953338] raid6: sse2x1   gen()  3314 MB/s
[   11.004027] raid6: sse2x1   xor()  3764 MB/s
[   11.053315] raid6: sse2x2   gen()  3137 MB/s
[   11.104085] raid6: sse2x2   xor()  4003 MB/s
[   11.200065] raid6: sse2x4   gen()  6804 MB/s
[   11.260058] raid6: sse2x4   xor()  5223 MB/s
[   11.262008] raid6: using algorithm sse2x4 gen() 6804 MB/s
[   11.264310] raid6: .... xor() 5223 MB/s, rmw enabled
[   11.266277] raid6: using ssse3x2 recovery algorithm
[   11.271762] xor: measuring software checksum speed
[   11.343167]    prefetch64-sse: 25558.000 MB/sec
[   11.423162]    generic_sse: 21313.000 MB/sec
[   11.434872] xor: using function: prefetch64-sse (25558.000 MB/sec)
[   11.440932] async_tx: api initialized (async)
done.
Begin: Running /scripts/init-premount ... done.
Begin: Mounting root file system ... Begin: Running /scripts/local-top ... done.
Begin: Running /scripts/local-premount ... [   12.013013] Btrfs loaded, crc32c=crc32c-generic
Scanning for Btrfs filesystems
[   12.115782] random: crng init done
[   12.117300] random: 7 urandom warning(s) missed due to ratelimiting
done.
Warning: fsck not present, so skipping root file system
[   12.493628] EXT4-fs (sda1): mounted filesystem with ordered data mode. Opts: (null)
done.
Begin: Running /scripts/local-bottom ... done.
Begin: Running /scripts/init-bottom ... done.
[   13.392214] ip_tables: (C) 2000-2006 Netfilter Core Team
[   13.435875] systemd[1]: systemd 237 running in system mode. (+PAM +AUDIT +SELINUX +IMA +APPARMOR +SMACK +SYSVINIT +UTMP +LIBCRYPTSETUP +GCRYPT +GNUTLS +ACL +XZ +LZ4 +SECCOMP +BLKID +ELFUTILS +KMOD -IDN2 +IDN -PCRE2 default-hierarchy=hybrid)
[   13.583054] systemd[1]: Detected virtualization oracle.
[   13.586273] systemd[1]: Detected architecture x86-64.

Welcome to [1mUbuntu 18.04.2 LTS[0m!

[   13.617151] systemd[1]: Set hostname to <ubuntu>.
[   13.626720] systemd[1]: Initializing machine ID from random generator.
[   13.629485] systemd[1]: Installed transient /etc/machine-id file.
[   15.596741] systemd[1]: Created slice System Slice.
[[0;32m  OK  [0m] Created slice System Slice.
[   15.604998] systemd[1]: Listening on /dev/initctl Compatibility Named Pipe.
[[0;32m  OK  [0m] Listening on /dev/initctl Compatibility Named Pipe.
[   15.612768] systemd[1]: Reached target Swap.
[[0;32m  OK  [0m] Reached target Swap.
[   15.618874] systemd[1]: Listening on Syslog Socket.
[[0;32m  OK  [0m] Listening on Syslog Socket.
[[0;32m  OK  [0m] Listening on Journal Socket.
[[0;32m  OK  [0m] Reached target User and Group Name Lookups.
[[0;32m  OK  [0m] Started Forward Password Requests to Wall Directory Watch.
[[0;32m  OK  [0m] Listening on udev Control Socket.
[[0;32m  OK  [0m] Created slice User and Session Slice.
[[0;32m  OK  [0m] Reached target Slices.
         Starting Set the console keyboard layout...
[[0;32m  OK  [0m] Listening on Journal Socket (/dev/log).
         Mounting Kernel Debug File System...
         Starting Remount Root and Kernel File Systems...
[[0;32m  OK  [0m] Set up automount Arbitrary Executab…rmats File System Automount Point.
[[0;32m  OK  [0m] Listening on Network Service Netlink Socket.
[[0;32m  OK  [0m] Listening on LVM2 poll daemon socket.
[[0;32m  OK  [0m] Created slice system-serial\x2dgetty.slice.
         Mounting Huge Pages File System...
         Mounting POSIX Message Queue File System...
[[0;32m  OK  [0m] Listening on udev Kernel Socket.
[   15.945439] EXT4-fs (sda1): re-mounted. Opts: (null)
         Starting Uncomplicated firewall...
[[0;32m  OK  [0m] Listening on Device-mapper event daemon FIFOs.
         Starting Load Kernel Modules...
[[0;32m  OK  [0m] Reached target System Time Synchronized.
         Starting udev Coldplug all Devices...
[[0;32m  OK  [0m] Listening on Journal Audit Socket.
         Starting Journal Service...
[[0;32m  OK  [0m] Listening on LVM2 metadata daemon socket.
         Starting Monitoring of LVM2 mirrors…ng dmeventd or progress polling...
         Starting Create list of required st…ce nodes for the current kernel...
[[0;32m  OK  [0m] Mounted Kernel Debug File System.
[[0;32m  OK  [0m] Started Remount Root and Kernel File Systems.
[[0;32m  OK  [0m] Mounted Huge Pages File System.
[[0;32m  OK  [0m] Started Uncomplicated firewall.
         Starting Load/Save Random Seed...
         Starting Initial cloud-init job (pre-networking)...
[[0;32m  OK  [0m] Mounted POSIX Message Queue File System.
[[0;32m  OK  [0m] Started Create list of required sta…vice nodes for the current kernel.
         Starting Create Static Device Nodes in /dev...
[   16.872311] Loading iSCSI transport class v2.0-870.
[[0;32m  OK  [0m] Started Load/Save Random Seed.
[   17.049669] iscsi: registered transport (tcp)
[[0;32m  OK  [0m] Started LVM2 metadata daemon.
[[0;32m  OK  [0m] Started Create Static Device Nodes in /dev.
         Starting udev Kernel Device Manager...
[   17.392463] iscsi: registered transport (iser)
[[0;32m  OK  [0m] Started Load Kernel Modules.
         Mounting FUSE Control File System...
         Starting Apply Kernel Variables...
         Mounting Kernel Configuration File System...
[[0;32m  OK  [0m] Mounted Kernel Configuration File System.
[[0;32m  OK  [0m] Started udev Kernel Device Manager.
[[0;32m  OK  [0m] Mounted FUSE Control File System.
[[0;32m  OK  [0m] Started Apply Kernel Variables.
[[0;32m  OK  [0m] Started Monitoring of LVM2 mirrors,…sing dmeventd or progress polling.
[[0;32m  OK  [0m] Started Journal Service.
         Starting Flush Journal to Persistent Storage...
[[0;32m  OK  [0m] Started Flush Journal to Persistent Storage.
[[0;32m  OK  [0m] Started Set the console keyboard layout.
[[0;32m  OK  [0m] Reached target Local File Systems (Pre).
[[0;32m  OK  [0m] Reached target Local File Systems.
         Starting Set console font and keymap...
         Starting Tell Plymouth To Write Out Runtime Data...
         Starting ebtables ruleset management...
         Starting AppArmor initialization...
         Starting Commit a transient machine-id on disk...
         Starting Create Volatile Files and Directories...
[[0;32m  OK  [0m] Started Tell Plymouth To Write Out Runtime Data.
[[0;32m  OK  [0m] Started Set console font and keymap.
[[0;32m  OK  [0m] Started Commit a transient machine-id on disk.
[[0;32m  OK  [0m] Started Create Volatile Files and Directories.
         Starting Update UTMP about System Boot/Shutdown...
[[0;32m  OK  [0m] Started udev Coldplug all Devices.
[[0;32m  OK  [0m] Started Dispatch Password Requests to Console Directory Watch.
[[0;32m  OK  [0m] Reached target Local Encrypted Volumes.
[[0;32m  OK  [0m] Started Update UTMP about System Boot/Shutdown.
[[0;32m  OK  [0m] Started ebtables ruleset management.
[[0;32m  OK  [0m] Started AppArmor initialization.
[[0;32m  OK  [0m] Found device /dev/ttyS0.
[[0;32m  OK  [0m] Listening on Load/Save RF Kill Switch Status /dev/rfkill Watch.
[   31.444421] cloud-init[391]: Cloud-init v. 18.4-0ubuntu1~18.04.1 running 'init-local' at Wed, 06 Mar 2019 11:32:17 +0000. Up 24.26 seconds.
[[0;32m  OK  [0m] Started Initial cloud-init job (pre-networking).
[[0;32m  OK  [0m] Reached target Network (Pre).
         Starting Network Service...
[[0;32m  OK  [0m] Started Network Service.
         Starting Wait for Network to be Configured...
         Starting Network Name Resolution...
[[0;32m  OK  [0m] Started Network Name Resolution.
[[0;32m  OK  [0m] Reached target Host and Network Name Lookups.
[[0;32m  OK  [0m] Reached target Network.
[[0;32m  OK  [0m] Started Wait for Network to be Configured.
         Starting Initial cloud-init job (metadata service crawler)...
[   38.520296] cloud-init[632]: Cloud-init v. 18.4-0ubuntu1~18.04.1 running 'init' at Wed, 06 Mar 2019 11:32:30 +0000. Up 37.58 seconds.
[   38.532031] cloud-init[632]: ci-info: ++++++++++++++++++++++++++++++++++++++Net device info++++++++++++++++++++++++++++++++++++++
[   38.542186] cloud-init[632]: ci-info: +--------+-------+---------------------------+---------------+--------+-------------------+
[   38.545472] cloud-init[632]: ci-info: | Device |   Up  |          Address          |      Mask     | Scope  |     Hw-Address    |
[   38.549032] cloud-init[632]: ci-info: +--------+-------+---------------------------+---------------+--------+-------------------+
[   38.560393] cloud-init[632]: ci-info: | enp0s3 |  True |         10.0.2.15         | 255.255.255.0 | global | 02:db:17:3a:0e:c2 |
[   38.579745] cloud-init[632]: ci-info: | enp0s3 |  True | fe80::db:17ff:fe3a:ec2/64 |       .       |  link  | 02:db:17:3a:0e:c2 |
[   38.583023] cloud-init[632]: ci-info: | enp0s8 | False |             .             |       .       |   .    | 08:00:27:1e:72:0c |
[   38.607192] cloud-init[632]: ci-info: |   lo   |  True |         127.0.0.1         |   255.0.0.0   |  host  |         .         |
[   38.610711] cloud-init[632]: ci-info: |   lo   |  True |          ::1/128          |       .       |  host  |         .         |
[   38.621999] cloud-init[632]: ci-info: +--------+-------+---------------------------+---------------+--------+-------------------+
[   38.634028] cloud-init[632]: ci-info: ++++++++++++++++++++++++++++Route IPv4 info+++++++++++++++++++++++++++++
[   38.638114] cloud-init[632]: ci-info: +-------+-------------+----------+-----------------+-----------+-------+
[   38.645662] cloud-init[632]: ci-info: | Route | Destination | Gateway  |     Genmask     | Interface | Flags |
[   38.661598] cloud-init[632]: ci-info: +-------+-------------+----------+-----------------+-----------+-------+
[   38.672440] cloud-init[632]: ci-info: |   0   |   0.0.0.0   | 10.0.2.2 |     0.0.0.0     |   enp0s3  |   UG  |
[   38.680305] cloud-init[632]: ci-info: |   1   |   10.0.2.0  | 0.0.0.0  |  255.255.255.0  |   enp0s3  |   U   |
[   38.686267] cloud-init[632]: ci-info: |   2   |   10.0.2.2  | 0.0.0.0  | 255.255.255.255 |   enp0s3  |   UH  |
[   38.690523] cloud-init[632]: ci-info: +-------+-------------+----------+-----------------+-----------+-------+
[   38.696670] cloud-init[632]: ci-info: +++++++++++++++++++Route IPv6 info+++++++++++++++++++
[   38.700263] cloud-init[632]: ci-info: +-------+-------------+---------+-----------+-------+
[   38.703837] cloud-init[632]: ci-info: | Route | Destination | Gateway | Interface | Flags |
[   38.710194] cloud-init[632]: ci-info: +-------+-------------+---------+-----------+-------+
[   38.727166] cloud-init[632]: ci-info: |   1   |  fe80::/64  |    ::   |   enp0s3  |   U   |
[   38.741548] cloud-init[632]: ci-info: |   3   |    local    |    ::   |   enp0s3  |   U   |
[   38.750545] cloud-init[632]: ci-info: |   4   |   ff00::/8  |    ::   |   enp0s3  |   U   |
[   38.758364] cloud-init[632]: ci-info: +-------+-------------+---------+-----------+-------+
[   42.795294] cloud-init[632]: Generating public/private rsa key pair.
[   42.818048] cloud-init[632]: Your identification has been saved in /etc/ssh/ssh_host_rsa_key.
[   42.827424] cloud-init[632]: Your public key has been saved in /etc/ssh/ssh_host_rsa_key.pub.
[   42.837959] cloud-init[632]: The key fingerprint is:
[   42.860031] cloud-init[632]: SHA256:TqYStSa6uhW+zC83hl452PkDKxPcRkdxHMQA7IbnY9w root@ubuntu-bionic
[   42.884939] cloud-init[632]: The key's randomart image is:
[   42.889770] cloud-init[632]: +---[RSA 2048]----+
[   42.894681] cloud-init[632]: |   ...o*+.       |
[   42.897506] cloud-init[632]: |    . ..o        |
[   42.900136] cloud-init[632]: |   o ..          |
[   42.902888] cloud-init[632]: |  . =...         |
[   42.937106] cloud-init[632]: | ..Booo S        |
[   42.956529] cloud-init[632]: | .o=O*E=         |
[   42.992569] cloud-init[632]: |  ==B+. .        |
[   43.009422] cloud-init[632]: | +=+=+.          |
[   43.013610] cloud-init[632]: |o+*B....         |
[   43.066006] cloud-init[632]: +----[SHA256]-----+
[   43.070075] cloud-init[632]: Generating public/private dsa key pair.
[   43.091197] cloud-init[632]: Your identification has been saved in /etc/ssh/ssh_host_dsa_key.
[   43.120978] cloud-init[632]: Your public key has been saved in /etc/ssh/ssh_host_dsa_key.pub.
[   43.168525] cloud-init[632]: The key fingerprint is:
[   43.171005] cloud-init[632]: SHA256:77T/CcXi6BV5q3AgMXkptbUFtfPi70AaGpl8hHaDHIc root@ubuntu-bionic
[   43.182472] cloud-init[632]: The key's randomart image is:
[   43.196961] cloud-init[632]: +---[DSA 1024]----+
[   43.202882] cloud-init[632]: |          o.+oo  |
[   43.240255] cloud-init[632]: |         +EO o . |
[   43.242839] cloud-init[632]: |        = O = o  |
[[0;32m  OK  [0m[   43.270274] cloud-init[632]: |         B = + o |
[   43.271146] cloud-init[632]: |        S * * * .|
[   43.271397] cloud-init[632]: |         o B X o |
[   43.271642] cloud-init[632]: |          * * +  |
[   43.271856] cloud-init[632]: |         + = o + |
[   43.272114] cloud-init[632]: |          +.o.o.o|
[   43.272363] cloud-init[632]: +----[SHA256]-----+
[   43.272556] cloud-init[632]: Generating public/private ecdsa key pair.
[   43.272800] cloud-init[632]: Your identification has been saved in /etc/ssh/ssh_host_ecdsa_key.
[   43.273263] cloud-init[632]: Your public key has been saved in /etc/ssh/ssh_host_ecdsa_key.pub.
[   43.273520] cloud-init[632]: The key fingerprint is:
[   43.274009] cloud-init[632]: SHA256:1stBs4561bzsSYSX2mqQZmAnjyfttgs565gJIwtLIIQ root@ubuntu-bionic
[   43.274372] cloud-init[632]: The key's randomart image is:
[   43.274571] cloud-init[632]: +---[ECDSA 256]---+
[   43.274871] cloud-init[632]: |                 |
[   43.275069] cloud-init[632]: |.                |
[   43.275315] cloud-init[632]: |E.        o      |
[   43.275511] cloud-init[632]: |.     + .o + .   |
[   43.275707] cloud-init[632]: |o    . BS.=o+    |
] Started Initial cloud-init job (metadata service crawler).
[[0;32m  OK  [0m] Reached target Cloud-config availability.
[[0;32m  OK  [0m] Reached target System Initialization.
[   43.279103] cloud-init[632]: |o     ooO+.Bo    |
[   43.438822] cloud-init[632]: |o.o   +*.o=.o.   |
[   43.439315] cloud-init[632]: |o+ o + =+ .oo.   |
[   43.441181] cloud-init[632]: |o   +.+oo+..o    |
[   43.441638] cloud-init[632]: +----[SHA256]-----+
[   43.441878] cloud-init[632]: Generating public/private ed25519 key pair.
[   43.442187] cloud-init[632]: Your identification has been saved in /etc/ssh/ssh_host_ed25519_key.
[   43.442486] cloud-init[632]: Your public key has been saved in /etc/ssh/ssh_host_ed25519_key.pub.
[   43.443437] cloud-init[632]: The key fingerprint is:
[   43.444398] cloud-init[632]: SHA256:QDImjU14NgmoSHndHrKnUe1jcV4ENzu5SjPl1WVPFo8 root@ubuntu-bionic
[[0;32m  OK  [0m[   43.576667] cloud-init[632]: The key's randomart image is:
] Listening on D-Bus System Message Bus Socket.[   43.577619] cloud-init[632]: +--[ED25519 256]--+

[   43.581449] cloud-init[632]: | .+B*.o .  .o+ .*|
[[0;32m  OK  [0m] Started Daily Cleanup of Temporary Directories.
[   43.588435] cloud-init[632]: |.oo+B* + o ...+==|
[   43.620275] cloud-init[632]: |+ .o .* o + .=E.+|
[[0;32m  OK  [0m[   43.629790] cloud-init[632]: |o    o + + .o +  |
] Started Discard unused blocks once a week.
[   43.630677] cloud-init[632]: |      + S .+ o   |
[   43.633489] cloud-init[632]: |     .    . +    |
[   43.634483] cloud-init[632]: |           .     |
[   43.635546] cloud-init[632]: |                 |
[   43.637267] cloud-init[632]: |                 |
[[0;32m  OK  [0m] Listening on Open-iSCSI iscsid Socket.
[   43.682439] cloud-init[632]: +----[SHA256]-----+
[[0;32m  OK  [0m] Listening on UUID daemon activation socket.
[[0;32m  OK  [0m] Started ACPI Events Check.
[[0;32m  OK  [0m] Reached target Paths.
         Starting LXD - unix socket.
[[0;32m  OK  [0m] Started Message of the Day.
[[0;32m  OK  [0m] Listening on ACPID Listen Socket.
[[0;32m  OK  [0m] Started Daily apt download activities.
[[0;32m  OK  [0m] Started Daily apt upgrade and clean activities.
[[0;32m  OK  [0m] Reached target Timers.
         Starting Socket activation for snappy daemon.
[[0;32m  OK  [0m] Reached target Network is Online.
         Starting Availability of block devices...
[[0;32m  OK  [0m] Reached target Remote File Systems (Pre).
[[0;32m  OK  [0m] Reached target Remote File Systems.
[[0;32m  OK  [0m] Listening on LXD - unix socket.
[[0;32m  OK  [0m] Listening on Socket activation for snappy daemon.
[[0;32m  OK  [0m] Reached target Sockets.
[[0;32m  OK  [0m] Reached target Basic System.
         Starting Dispatcher daemon for systemd-networkd...
         Starting System Logging Service...
         Starting Permit User Sessions...
[[0;32m  OK  [0m] Started Regular background program processing daemon.
         Starting LSB: automatic crash report generation...
         Starting Login Service...
[[0;32m  OK  [0m] Started FUSE filesystem for LXC.
[[0;32m  OK  [0m] Started irqbalance daemon.
         Starting LXD - container startup/shutdown...
[[0;32m  OK  [0m] Started D-Bus System Message Bus.
[[0;32m  OK  [0m] Started Login Service.
[[0;32m  OK  [0m] Started Unattended Upgrades Shutdown.
         Starting LSB: Record successful boot for GRUB...
         Starting Accounts Service...
         Starting Snappy daemon...
[[0;32m  OK  [0m] Started Deferred execution scheduler.
         Starting Virtualbox guest utils...
         Starting Pollinate to seed the pseudo random number generator...
[[0;32m  OK  [0m] Started System Logging Service.
[[0;32m  OK  [0m] Started Availability of block devices.
[[0;32m  OK  [0m] Started Permit User Sessions.
         Starting Terminate Plymouth Boot Screen...
         Starting Hold until boot process finishes up...
[[0;32m  OK  [0m] Started Terminate Plymouth Boot Screen.
[[0;32m  OK  [0m] Started Hold until boot process finishes up.
[[0;32m  OK  [0m] Started Serial Getty on ttyS0.
         Starting Set console scheme...
[[0;32m  OK  [0m] Started Set console scheme.
[[0;32m  OK  [0m] Created slice system-getty.slice.
[[0;32m  OK  [0m] Started Getty on tty1.
[[0;32m  OK  [0m] Reached target Login Prompts.
         Starting Authorization Manager...
[[0;32m  OK  [0m] Started LXD - container startup/shutdown.
[[0;32m  OK  [0m] Started LSB: automatic crash report generation.
[[0;32m  OK  [0m] Started LSB: Record successful boot for GRUB.
[[0;32m  OK  [0m] Started Authorization Manager.
[[0;32m  OK  [0m] Started Accounts Service.
[[0;32m  OK  [0m] Started Dispatcher daemon for systemd-networkd.
[[0;32m  OK  [0m] Started Snappy daemon.
         Starting Wait until snapd is fully seeded...
[[0;32m  OK  [0m] Started Virtualbox guest utils.

Ubuntu 18.04.2 LTS ubuntu-bionic ttyS0

ubuntu-bionic login: [   66.455611] cloud-init[980]: Cloud-init v. 18.4-0ubuntu1~18.04.1 running 'modules:config' at Wed, 06 Mar 2019 11:32:54 +0000. Up 61.43 seconds.
ci-info: no authorized ssh keys fingerprints found for user ubuntu.
<14>Mar  6 11:33:04 ec2: 
<14>Mar  6 11:33:04 ec2: #############################################################
<14>Mar  6 11:33:04 ec2: -----BEGIN SSH HOST KEY FINGERPRINTS-----
<14>Mar  6 11:33:04 ec2: 1024 SHA256:77T/CcXi6BV5q3AgMXkptbUFtfPi70AaGpl8hHaDHIc root@ubuntu-bionic (DSA)
<14>Mar  6 11:33:04 ec2: 256 SHA256:1stBs4561bzsSYSX2mqQZmAnjyfttgs565gJIwtLIIQ root@ubuntu-bionic (ECDSA)
<14>Mar  6 11:33:04 ec2: 256 SHA256:QDImjU14NgmoSHndHrKnUe1jcV4ENzu5SjPl1WVPFo8 root@ubuntu-bionic (ED25519)
<14>Mar  6 11:33:04 ec2: 2048 SHA256:TqYStSa6uhW+zC83hl452PkDKxPcRkdxHMQA7IbnY9w root@ubuntu-bionic (RSA)
<14>Mar  6 11:33:04 ec2: -----END SSH HOST KEY FINGERPRINTS-----
<14>Mar  6 11:33:04 ec2: #############################################################
-----BEGIN SSH HOST KEY KEYS-----
ecdsa-sha2-nistp256 AAAAE2VjZHNhLXNoYTItbmlzdHAyNTYAAAAIbmlzdHAyNTYAAABBBIjKkrCOfPXAbTqbIDmBkin6ecQS9mEwT0ErXU7jnZT2RmEyN3DdmerZLIotT8YKw54VMvAoZBPkpwGlwgby43Y= root@ubuntu-bionic
ssh-ed25519 AAAAC3NzaC1lZDI1NTE5AAAAIKaBRAUS9bxyhmyOasMZIuLzaBL8qsbbUZQhJMycAr70 root@ubuntu-bionic
ssh-rsa AAAAB3NzaC1yc2EAAAADAQABAAABAQC5j0p6VzhAeUpnReNm5Ay8KQ8pUfSKpeC3QVitaX2ZwXoWzV9kX2g4FEHLrlJbJbj9RoiJYiDQ//zY/pHaLMgGNZ9VBchO+dpgJB5BQKwAbuP79RMzFbUmQmYHxsIZSKWuVtnoo3ku1oE4BW7nEs2Vjl49qfcoeBB2C41Hr/9Jj+Wf+w5XfwsyOO5T5foAU9O9IVWsy7I0RoguWaXrXpl7vinJFT98aouRRCyJ9RHc43LhMAAs0NNZ2wyzKux+B21YM4Ec3S3Xv66xY6D3AleUGNSjY7tD9XchpLk1AT6nOiSyyHJAUXB6E5iX+aOO1End6mWNEsGkU8LQz1mTHSp3 root@ubuntu-bionic
-----END SSH HOST KEY KEYS-----
[   72.284386] cloud-init[1159]: Cloud-init v. 18.4-0ubuntu1~18.04.1 running 'modules:final' at Wed, 06 Mar 2019 11:33:03 +0000. Up 70.40 seconds.
[   72.286057] cloud-init[1159]: ci-info: no authorized ssh keys fingerprints found for user ubuntu.
[   72.287020] cloud-init[1159]: Cloud-init v. 18.4-0ubuntu1~18.04.1 finished at Wed, 06 Mar 2019 11:33:05 +0000. Datasource DataSourceNoCloud [seed=/dev/sdb][dsmode=net].  Up 72.22 seconds
